<?xml version="1.0" encoding="UTF-8"?>
<beans xmlns="http://www.springframework.org/schema/beans"
       xmlns:util="http://www.springframework.org/schema/util"
	   xmlns:xsi="http://www.w3.org/2001/XMLSchema-instance" xmlns:context="http://www.springframework.org/schema/context"
	   xsi:schemaLocation="http://www.springframework.org/schema/beans 
           http://www.springframework.org/schema/beans/spring-beans-2.5.xsd
           http://www.springframework.org/schema/context
           http://www.springframework.org/schema/context/spring-context-2.5.xsd
		   http://www.springframework.org/schema/util 
		   http://www.springframework.org/schema/util/spring-util-2.0.xsd">
		   

	<bean id="shellHandler" class="org.jhove2.util.externalprocess.ForkShellHandler" >
		<property name="shellEnv" value="c:\cygwin\bin\bash"/>
		<property name="shellParms" value="-c"/>
		<property name="shouldQuoteCommand" value="true"/>
	</bean>  
	
    <bean id="filter" class="org.jhove2.util.externalprocess.FileSeparatorFilter">
    </bean>
     
</beans>
