<?xml version="1.0" encoding="UTF-8"?>
<beans xmlns="http://www.springframework.org/schema/beans"
       xmlns:util="http://www.springframework.org/schema/util"
	   xmlns:xsi="http://www.w3.org/2001/XMLSchema-instance" xmlns:context="http://www.springframework.org/schema/context"
	   xsi:schemaLocation="http://www.springframework.org/schema/beans 
           http://www.springframework.org/schema/beans/spring-beans-2.5.xsd
           http://www.springframework.org/schema/context
           http://www.springframework.org/schema/context/spring-context-2.5.xsd
		   http://www.springframework.org/schema/util 
		   http://www.springframework.org/schema/util/spring-util-2.0.xsd">
		   
	
	<!-- File set format bean -->
	<bean id="FileSetFormat" class="org.jhove2.core.Format" scope="singleton">
		<constructor-arg type="java.lang.String" value="FileSet"/>
		<constructor-arg ref="FileSetIdentifier"/>
		<constructor-arg type="org.jhove2.core.Format$Type" value="Format"/>
		<constructor-arg type="org.jhove2.core.Format$Ambiguity" value="Unambiguous"/>
	</bean>
				
	<!-- File set identifier bean -->  
	<bean id="FileSetIdentifier" class="org.jhove2.core.I8R" scope="singleton">
		<constructor-arg type="java.lang.String" value=" http://jhove2.org/terms/format/file-set"/>
	</bean>

	
</beans>
