<?xml version="1.0" encoding="UTF-8"?>
<beans xmlns="http://www.springframework.org/schema/beans"
       xmlns:util="http://www.springframework.org/schema/util"
	   xmlns:xsi="http://www.w3.org/2001/XMLSchema-instance" xmlns:context="http://www.springframework.org/schema/context"
	   xsi:schemaLocation="http://www.springframework.org/schema/beans 
           http://www.springframework.org/schema/beans/spring-beans-2.5.xsd
           http://www.springframework.org/schema/context
           http://www.springframework.org/schema/context/spring-context-2.5.xsd
		   http://www.springframework.org/schema/util 
		   http://www.springframework.org/schema/util/spring-util-2.0.xsd">
    	
	
	<!-- Shapefile module bean -->
	<bean id="ShapefileModule" class="org.jhove2.module.format.shapefile.ShapefileModule"
	      scope="prototype">
	    <constructor-arg ref="ShapefileFormat"/>
	    <property name="developer" ref="StanfordAgent"/>
	</bean>
      
    <!-- Shapefile format bean -->
	<bean id="ShapefileFormat" class="org.jhove2.core.Format" scope="singleton">
		<constructor-arg type="java.lang.String" value="Shapefile"/>
		<constructor-arg ref="ShapefileIdentifier"/>
		<constructor-arg type="org.jhove2.core.Format$Type" value="Format"/>
		<constructor-arg type="org.jhove2.core.Format$Ambiguity" value="Unambiguous"/>
	</bean>
		
	<!-- Shapefile identifier bean -->  
	<bean id="ShapefileIdentifier" class="org.jhove2.core.I8R" scope="singleton">
		<constructor-arg type="java.lang.String" value="info:jhove2/format/shapefile"/>
	</bean>
			

</beans>
