<beans xmlns="http://www.springframework.org/schema/beans"
       xmlns:util="http://www.springframework.org/schema/util"
	   xmlns:xsi="http://www.w3.org/2001/XMLSchema-instance" xmlns:context="http://www.springframework.org/schema/context"
	   xsi:schemaLocation="http://www.springframework.org/schema/beans 
           http://www.springframework.org/schema/beans/spring-beans-2.5.xsd
           http://www.springframework.org/schema/context
           http://www.springframework.org/schema/context/spring-context-2.5.xsd
		   http://www.springframework.org/schema/util 
		   http://www.springframework.org/schema/util/spring-util-2.0.xsd">
	
	 <bean id="InMemoryPersistenceManager" class="org.jhove2.persist.inmemory.InMemoryPersistenceManager"
	     scope="singleton"/>
	     	   	
	<!--  Beans for in-memory persistence -->
	<!--  In-Memory Source factory bean -->
	<bean id="SourceFactory" class="org.jhove2.persist.inmemory.InMemorySourceFactory" scope="prototype"/>
	<!--  In-Memory Command Accessor bean -->
	<bean id="FrameworkAccessor" class="org.jhove2.persist.inmemory.InMemoryFrameworkAccessor" scope="prototype"/>
	<!--  In-Memory Format Module Accessor bean -->
	<bean id="FormatModuleAccessor" class="org.jhove2.persist.inmemory.InMemoryFormatModuleAccessor" scope="prototype"/>
	<!--  In-Memory Format Profile Accessor bean -->
	<bean id="FormatProfileAccessor" class="org.jhove2.persist.inmemory.InMemoryFormatProfileAccessor" scope="prototype"/>
	<!--  In-Memory Recognizer Accessor bean -->
	<bean id="AggrefierAccessor" class="org.jhove2.persist.inmemory.InMemoryAggrefierAccessor" scope="prototype"/>
	<!--  In-Memory File Source Identifier Accessor bean -->
	<bean id="IdentifierAccessor" class="org.jhove2.persist.inmemory.InMemoryIdentifierAccessor" scope="prototype"/>
    <!--  In-Memory Base Module Accessor bean -->
	<bean id="BaseModuleAccessor" class="org.jhove2.persist.inmemory.InMemoryBaseModuleAccessor" scope="prototype"/>
			   
</beans>