<?xml version="1.0" encoding="UTF-8"?>
<beans xmlns="http://www.springframework.org/schema/beans"
       xmlns:util="http://www.springframework.org/schema/util"
	   xmlns:xsi="http://www.w3.org/2001/XMLSchema-instance" xmlns:context="http://www.springframework.org/schema/context"
	   xsi:schemaLocation="http://www.springframework.org/schema/beans 
           http://www.springframework.org/schema/beans/spring-beans-2.5.xsd
           http://www.springframework.org/schema/context
           http://www.springframework.org/schema/context/spring-context-2.5.xsd
		   http://www.springframework.org/schema/util 
		   http://www.springframework.org/schema/util/spring-util-2.0.xsd">
		   
	
	<bean id="validEsisFileName" class="java.lang.String" >
		<constructor-arg type="java.lang.String" 
	        value="esisfiles/valid.01.esis"/>
	</bean>  
	
	<bean id="validEsisFileName02" class="java.lang.String" >
		<constructor-arg type="java.lang.String" 
	        value="esisfiles/valid.02.esis"/>
	</bean>
	
	<bean id="invalidEsisFileName" class="java.lang.String" >
		<constructor-arg type="java.lang.String" 
	        value="esisfiles/nonconform.01.esis"/>
	</bean> 
		<bean id="emptyEsisFileName" class="java.lang.String" >
		<constructor-arg type="java.lang.String" 
	        value="esisfiles/empty.esis"/>
	</bean> 

	<bean id="unrecognizedEsisFileName" class="java.lang.String" >
		<constructor-arg type="java.lang.String" 
	        value="esisfiles/unrecognized_command.esis"/>
	</bean>
</beans>
