<?xml version="1.0" encoding="UTF-8"?>
<beans xmlns="http://www.springframework.org/schema/beans"
       xmlns:util="http://www.springframework.org/schema/util"
	   xmlns:xsi="http://www.w3.org/2001/XMLSchema-instance" xmlns:context="http://www.springframework.org/schema/context"
	   xsi:schemaLocation="http://www.springframework.org/schema/beans 
           http://www.springframework.org/schema/beans/spring-beans-2.5.xsd
           http://www.springframework.org/schema/context
           http://www.springframework.org/schema/context/spring-context-2.5.xsd
		   http://www.springframework.org/schema/util 
		   http://www.springframework.org/schema/util/spring-util-2.0.xsd">
	
		
		<!-- JHOVE2 framework bean -->
	<bean id="JHOVE2" class="org.jhove2.core.JHOVE2" scope="prototype">
		<constructor-arg ref="FrameworkAccessor"/>
		<property name="developers">
			<list value-type="org.jhove2.core.Agent">
				<ref bean="CDLAgent"/>
				<ref bean="PorticoAgent"/>
				<ref bean="StanfordAgent"/>
			</list>
		</property>
		<property name="commands">
			<list value-type="org.jhove2.core.JHOVE2Command">
				<ref bean="testIdentifierCommand"/>
				<ref bean="testDispatcherCommand"/>
				<ref bean="testAggrefierCommand"/>
			</list>
		</property>
		<property name="configInfo" ref="TestConfigInfo"/>
		<property name="sourceFactory" ref="testSourceFactory"/>
	</bean>	
	
	<bean id="TestConfigInfo" class="org.jhove2.config.spring.SpringConfigInfo"
	scope="singleton">
		<constructor-arg>
			<list value-type = "java.lang.String">				
				<ref bean="test-persist-configInof-path"/>
				<ref bean="test-configInfo-path"/>
				<ref bean="test-iccInfo-path"/>
				<ref bean="test-tiffInfo-path"/>
				<ref bean="test-waveInfo-path"/>
				<ref bean="test-riffInfo-path"/>
			</list>
		</constructor-arg>
	</bean>
	
	<bean id="test-configInfo-path" class="java.lang.String">
		<constructor-arg type="java.lang.String" value="classpath*:**/test-config.xml"/>
	</bean>
	
	<bean id="test-persist-configInof-path" class="java.lang.String">
		<constructor-arg type="java.lang.String" value="classpath*:**/persist-test-config.xml"/>
	</bean>
	
	<bean id="test-iccInfo-path" class="java.lang.String">
		<constructor-arg type="java.lang.String" value="classpath*:**/j2test-icc-config.xml"/>
	</bean>
	
	<bean id="test-tiffInfo-path" class="java.lang.String">
		<constructor-arg type="java.lang.String" value="classpath*:**/tiff-test-config.xml"/>
	</bean>
	
	<bean id="test-waveInfo-path" class="java.lang.String">
		<constructor-arg type="java.lang.String" value="classpath*:**/j2test-wave-config.xml"/>
	</bean>
	
	<bean id="test-riffInfo-path" class="java.lang.String">
		<constructor-arg type="java.lang.String" value="classpath*:**/j2test-riff-config.xml"/>
	</bean>

	
	
	
	<!--  BEAN for message properties files (used for I18N ) -->
	<!--    NOTE  BEAN MUST HAVE id "messageSource" -->
	<bean id="messageSource" class="org.jhove2.config.spring.ResourceBundleMessageSource">
		<property name="basename" >
			<!--  base name for localized message template properties files -->
			<value>messages</value>
		</property>
	</bean>
		
		<!-- Dispatcher command bean -->
	<bean id="testDispatcherCommand" class="org.jhove2.module.format.DispatcherCommand"
	      scope="prototype">
	      <constructor-arg ref="CommandAccessor"/>
	    <property name="developers">
			<list value-type="org.jhove2.core.Agent">
				<ref bean="CDLAgent"/>
				<ref bean="PorticoAgent"/>
				<ref bean="StanfordAgent"/>
			</list>
		</property>
		<property name="formatFactory" ref="FormatFactory"/>
		<property name="formatModuleFactory" ref="FormatModuleFactory"/>
		<property name="baseFormatModuleAccessor" ref="FormatModuleAccessor"/>
	</bean>
	

		<!-- Format factory bean -->
	<bean id="FormatFactory" class="org.jhove2.config.spring.SpringFormatFactory" 
		scope="singleton"/>
		
	<!--  Format module factory bean -->
	<bean id="FormatModuleFactory" 
	    class="org.jhove2.config.spring.SpringFormatModuleFactory" 
		scope="singleton"/>

		
		<!-- CDL agent bean -->
	<bean id="CDLAgent" class="org.jhove2.core.Agent" scope="singleton">
		<constructor-arg type="java.lang.String" value="California Digital Library"/>
		<constructor-arg type="org.jhove2.core.Agent$Type" value="Corporate"/>
		<property name="URI" value="http://www.cdlib.org/"/>
	</bean>
		
	<!-- Portico agent bean -->
	<bean id="PorticoAgent" class="org.jhove2.core.Agent" scope="singleton">
		<constructor-arg type="java.lang.String" value="Portico"/>
		<constructor-arg type="org.jhove2.core.Agent$Type" value="Corporate"/>
		<property name="URI" value="http://www.portico.org/"/>
	</bean>
		
	<!-- Stanford agent bean -->
	<bean id="StanfordAgent" class="org.jhove2.core.Agent" scope="singleton">
		<constructor-arg type="java.lang.String" value="Stanford University"/>
		<constructor-arg type="org.jhove2.core.Agent$Type" value="Corporate"/>
		<property name="URI" value="http://www.stanford.edu/"/>
	</bean>
		

	<bean id="DisplayVisibility" class="org.jhove2.config.spring.PropertiesFactoryBean">
		<property name="propertyFileBaseName" value="displayer"/>
	</bean>
	<bean id="DisplayUnits" class="org.jhove2.config.spring.PropertiesFactoryBean">
		<property name="propertyFileBaseName" value="unit"/>
	</bean>

</beans>
