<?xml version="1.0" encoding="UTF-8"?>
<beans xmlns="http://www.springframework.org/schema/beans"
       xmlns:util="http://www.springframework.org/schema/util"
	   xmlns:xsi="http://www.w3.org/2001/XMLSchema-instance" xmlns:context="http://www.springframework.org/schema/context"
	   xsi:schemaLocation="http://www.springframework.org/schema/beans 
           http://www.springframework.org/schema/beans/spring-beans-2.5.xsd
           http://www.springframework.org/schema/context
           http://www.springframework.org/schema/context/spring-context-2.5.xsd
		   http://www.springframework.org/schema/util 
		   http://www.springframework.org/schema/util/spring-util-2.0.xsd">
	
	<!-- Assessment module bean -->
	<bean id="TestAssessmentModule" class="org.jhove2.module.assess.AssessmentModule"
	      scope="prototype">
	    <constructor-arg ref="BaseModuleAccessor"/>
		<property name="developers">
			<list value-type="org.jhove2.core.Agent">
				<ref bean="CDLAgent"/>
				<ref bean="PorticoAgent"/>
				<ref bean="StanfordAgent"/>
			</list>
		</property>
		<property name="ruleSetFactory" ref="RuleSetFactory"/>
	</bean>
	
	<!-- RuleSet factory bean -->
	<bean id="RuleSetFactory" class="org.jhove2.config.spring.SpringRuleSetFactory" 
		scope="singleton"/>        
	            
</beans>		   