<?xml version="1.0" encoding="UTF-8"?>
<beans xmlns="http://www.springframework.org/schema/beans"
       xmlns:util="http://www.springframework.org/schema/util"
	   xmlns:xsi="http://www.w3.org/2001/XMLSchema-instance" xmlns:context="http://www.springframework.org/schema/context"
	   xsi:schemaLocation="http://www.springframework.org/schema/beans 
           http://www.springframework.org/schema/beans/spring-beans-2.5.xsd
           http://www.springframework.org/schema/context
           http://www.springframework.org/schema/context/spring-context-2.5.xsd
		   http://www.springframework.org/schema/util 
		   http://www.springframework.org/schema/util/spring-util-2.0.xsd">
    
		<!-- Identifier module bean -->
	<bean id="testIdentifier" class="org.jhove2.module.identify.IdentifierModule"
	      scope="prototype">
		<property name="developers">
			<list value-type="org.jhove2.core.Agent">
				<ref bean="CDLAgent"/>
				<ref bean="PorticoAgent"/>
				<ref bean="StanfordAgent"/>
			</list>
		</property>
		<property name="fileSourceIdentifier"  ref="testDroidIdentifier"/>
		<property name="shouldSkipIdentifyIfPreIdentified" value="true"/>
	</bean>
	
		<!-- Identifier command bean -->
	<bean id="IdentifierCommand" class="org.jhove2.module.identify.IdentifierCommand"
	 	scope="prototype">
	 	 <property name="developers">
			<list value-type="org.jhove2.core.Agent">
				<ref bean="CDLAgent"/>
				<ref bean="PorticoAgent"/>
				<ref bean="StanfordAgent"/>
			</list>
		</property>
		<property name="identifierFactory" ref="IdentifierFactory"/>
	</bean>
	
		<!-- Identifier module factory bean -->
	<bean id="IdentifierFactory"
	      class="org.jhove2.config.spring.SpringIdentifierFactory"
	      scope="singleton"/>
	      
	<!-- DROID identifier bean -->
	<bean id="testDroidIdentifier" class="org.jhove2.module.identify.DROIDIdentifier"
	      scope="prototype">	
		<property name="developers">
			<list value-type="org.jhove2.core.Agent">
				<ref bean="CDLAgent"/>
				<ref bean="PorticoAgent"/>
				<ref bean="StanfordAgent"/>
			</list>
		</property>
		<property name="configFileName" value="DROID_config.xml"/>
		<property name="sigFileName" value="DROID_SignatureFile_V20.xml"/>
		<property name="wrappedProduct" ref="DROIDProduct"/>
	</bean>
	
		<!-- DROID wrapped product bean -->
	<bean id="DROIDProduct" class="org.jhove2.module.identify.DROIDWrappedProduct"
	      scope="prototype">
	    <constructor-arg index="0" value="DROID"/>
	    <constructor-arg index="1" value="4.0.0"/>
	    <constructor-arg index="2" value="2009-07-23"/>
	    <constructor-arg index="3" value="BSD license"/>
	    <property name="authority" value="The National Archives (TNA), UK"/>
	    <property name="openSource" value="true"/>
	</bean>
	   
 	<!-- Aggrefier command Bean -->
	<bean id="AggrefierCommand" class="org.jhove2.module.aggrefy.AggrefierCommand"
		scope="prototype" >
		 <property name="developers">
			<list value-type="org.jhove2.core.Agent">
				<ref bean="CDLAgent"/>
				<ref bean="PorticoAgent"/>
				<ref bean="StanfordAgent"/>
			</list>
		</property>
		<property name="aggrefierFactory" ref="AggrefierFactory"/>
	</bean> 
		
		<!-- Aggrefier module factory bean -->
	<bean id="AggrefierFactory"
	      class="org.jhove2.config.spring.SpringAggrefierFactory"
	      scope="singleton"/>		             
		             
	<!-- Aggrefier module bean -->
	<bean id="Aggrefier" class="org.jhove2.module.aggrefy.AggrefierModule"
	      scope="prototype">
		<property name="developers">
			<list value-type="org.jhove2.core.Agent">
				<ref bean="CDLAgent"/>
				<ref bean="PorticoAgent"/>
				<ref bean="StanfordAgent"/>
			</list>
		</property>
		<property name="recognizers">
			<list value-type="org.jhove2.module.identify.AggregateIdentifier">
				<ref bean="testStrictShapeFileRecognizer"/>
			</list>
		</property>
	</bean>
	      
			
	<!-- Strict Shapefile recognizer bean 
	     Must have all 3 required files; does NOT accept files with unrecognized extensions -->
	<bean id="testStrictShapeFileRecognizer" class="org.jhove2.module.aggrefy.GlobPathRecognizer"
	 scope="prototype">
	 	<property name="developers">
			<list value-type="org.jhove2.core.Agent">
				<ref bean="CDLAgent"/>
				<ref bean="PorticoAgent"/>
				<ref bean="StanfordAgent"/>
			</list>
		</property>
	 	<property name="formatIdentifier" ref="ShapefileIdentifier"/>
	 	<property name="fileGroupingExpr" value="(.*[\\/]\w+).((?i:shp\.)?\w{3})"/>
	 	<property name="mustHaveExpr" value="^((?i:shp)|(?i:shx)|(?i:dbf))$"/>
	 	<property name="mayHaveExpr" 
	 	          value="^((?i:shp.xml)|(?i:prj)|(?i:sbn)|(?i:sbx)|(?i:atx)|(?i:qix)|(?i:fix)|(?i:grx))$"/>
	 	<property name="fileGroupingCaptureGroupIndex" value="1" />
	 	<property name="mustHaveCaptureGroupIndex" value="2"/>
	 	<property name="mayHaveCaptureGroupIndex" value="2"/>
	 	<property name="minMustHavesToIdentify" value="3"/>
	  	<property name="includeUnmatchedFromGroup" value="false"/>
	</bean>
	
		<!-- Relaxed Shapefile recognizer bean
		    Only need 2 out of 3 required files; accepts u files with unrecognized extensions -->
	<bean id="relaxedShapeFileRecognizer" class="org.jhove2.module.aggrefy.GlobPathRecognizer"
	 scope="prototype">
	 	<property name="developers">
			<list value-type="org.jhove2.core.Agent">
				<ref bean="CDLAgent"/>
				<ref bean="PorticoAgent"/>
				<ref bean="StanfordAgent"/>
			</list>
		</property>
	 	<property name="formatIdentifier" ref="ShapefileIdentifier"/>
	 	<property name="fileGroupingExpr" value="(.*[\\/]\w+).((?i:shp\.)?\w{3})"/>
	 	<property name="mustHaveExpr" value="^((?i:shp)|(?i:shx)|(?i:dbf))$"/>
	 	<property name="mayHaveExpr" 
	 	          value="^((?i:shp.xml)|(?i:prj)|(?i:sbn)|(?i:sbx)|(?i:atx)|(?i:qix)|(?i:fix)|(?i:grx))$"/>
	 	<property name="fileGroupingCaptureGroupIndex" value="1" />
	 	<property name="mustHaveCaptureGroupIndex" value="2"/>
	 	<property name="mayHaveCaptureGroupIndex" value="2"/>
	 	<property name="minMustHavesToIdentify" value="2"/>
	  	<property name="includeUnmatchedFromGroup" value="true"/>
	</bean>


		<!-- Quicken recognizer bean 
	     Must have all 3 required files; does NOT accept files with unrecognized extensions -->
	<bean id="quickenFileRecognizer" class="org.jhove2.module.aggrefy.GlobPathRecognizer"
	 scope="prototype">
	 	<property name="developers">
			<list value-type="org.jhove2.core.Agent">
				<ref bean="CDLAgent"/>
				<ref bean="PorticoAgent"/>
				<ref bean="StanfordAgent"/>
			</list>
		</property>
	 	<property name="formatIdentifier" ref="QuickenIdentifier"/>
	 	<property name="fileGroupingExpr" value="(.*[\\/]\w+).(\w{3})"/>
	 	<property name="mustHaveExpr" value="^((?i:idx)|(?i:qel)|(?i:qph)|(?i:qdf)|(?i:ptx))$"/>
	 	<property name="fileGroupingCaptureGroupIndex" value="1" />
	 	<property name="mustHaveCaptureGroupIndex" value="2"/>
	 	<property name="minMustHavesToIdentify" value="5"/>
	  	<property name="includeUnmatchedFromGroup" value="false"/>
	</bean>
		

</beans>
