<?xml version="1.0" encoding="UTF-8"?>
<beans xmlns="http://www.springframework.org/schema/beans"
       xmlns:util="http://www.springframework.org/schema/util"
	   xmlns:xsi="http://www.w3.org/2001/XMLSchema-instance" xmlns:context="http://www.springframework.org/schema/context"
	   xsi:schemaLocation="http://www.springframework.org/schema/beans 
           http://www.springframework.org/schema/beans/spring-beans-2.5.xsd
           http://www.springframework.org/schema/context
           http://www.springframework.org/schema/context/spring-context-2.5.xsd
		   http://www.springframework.org/schema/util 
		   http://www.springframework.org/schema/util/spring-util-2.0.xsd">
    
		<!-- Identifier module bean -->
	<bean id="testIdentifier" class="org.jhove2.module.identify.IdentifierModule"
	      scope="prototype">
	    <constructor-arg ref="IdentifierAccessor"/>
		<property name="developers">
			<list value-type="org.jhove2.core.Agent">
				<ref bean="CDLAgent"/>
				<ref bean="PorticoAgent"/>
				<ref bean="StanfordAgent"/>
			</list>
		</property>
		<property name="sourceIdentifier"  ref="testDroidIdentifier"/>
		<property name="shouldSkipIdentifyIfPreIdentified" value="true"/>
	</bean>
	
	<bean id="IdentifierModule" class="org.jhove2.module.identify.IdentifierModule"
	      scope="prototype">
	    <constructor-arg ref="IdentifierAccessor"/>
		<property name="developers">
			<list value-type="org.jhove2.core.Agent">
				<ref bean="CDLAgent"/>
				<ref bean="PorticoAgent"/>
				<ref bean="StanfordAgent"/>
			</list>
		</property>
		<property name="sourceIdentifier"  ref="testDroidIdentifier"/>
		<property name="shouldSkipIdentifyIfPreIdentified" value="true"/>
	</bean>
	
		<!-- Identifier command bean -->
	<bean id="testIdentifierCommand" class="org.jhove2.module.identify.IdentifierCommand"
	 	scope="prototype">
	 	<constructor-arg ref="CommandAccessor"/>
	 	 <property name="developers">
			<list value-type="org.jhove2.core.Agent">
				<ref bean="CDLAgent"/>
				<ref bean="PorticoAgent"/>
				<ref bean="StanfordAgent"/>
			</list>
		</property>
		<property name="identifierFactory" ref="IdentifierFactory"/>
	</bean>
	
		<!-- Identifier module factory bean -->
	<bean id="IdentifierFactory"
	      class="org.jhove2.config.spring.SpringIdentifierFactory"
	      scope="singleton"/>
	      
	<!-- DROID identifier bean -->
	<bean id="testDroidIdentifier" class="org.jhove2.module.identify.DROIDIdentifier"
	      scope="prototype">
	    <constructor-arg ref="SourceIdentifierAccessor"/>	
		<property name="developers">
			<list value-type="org.jhove2.core.Agent">
				<ref bean="CDLAgent"/>
				<ref bean="PorticoAgent"/>
				<ref bean="StanfordAgent"/>
			</list>
		</property>
		<property name="configFileName" value="DROID_config.xml"/>
		<property name="sigFileName" value="DROID_SignatureFile_V20.xml"/>
		<property name="wrappedProduct" ref="DROIDWrappedProduct"/>
	</bean>
	
		
   <!-- DROID Wrapped Product bean -->
   <bean id="DROIDWrappedProduct" class="org.jhove2.core.WrappedProduct" scope="singleton" >
      	<property name="name" value="DROID"/>
      	<property name="version" value="4.0.0"/>
      	<property name="releaseDate" value="2009-07-23"/>
      	<property name="rightsStatement" value="BSD license"/>    
   		<property name="authority" value="The National Archives, Digital Preservation Department  http://www.nationalarchives.gov.uk/"/>
   		<property name="environments" value="Unix Windows Macintosh"/>
   		<property name="languages" value="JAVA"/>  		
   		<property name="note" value="The DROID Signature and Configuration files in the JHOVE2 distribution have been edited to, among other things, detect additional signatures for formats"/>
	    <property name="openSource" value="true"/>
	</bean>
	   
 	<!-- Aggrefier command Bean -->
	<bean id="testAggrefierCommand" class="org.jhove2.module.aggrefy.AggrefierCommand"
		scope="prototype" >
		<constructor-arg ref="CommandAccessor"/>
		 <property name="developers">
			<list value-type="org.jhove2.core.Agent">
				<ref bean="CDLAgent"/>
				<ref bean="PorticoAgent"/>
				<ref bean="StanfordAgent"/>
			</list>
		</property>
		<property name="aggrefierFactory" ref="AggrefierFactory"/>
	</bean> 
		
		<!-- Aggrefier module factory bean -->
	<bean id="AggrefierFactory"
	      class="org.jhove2.config.spring.SpringAggrefierFactory"
	      scope="singleton"/>		             
		             
	<!-- Aggrefier module bean -->
	<bean id="Aggrefier" class="org.jhove2.module.aggrefy.AggrefierModule"
	      scope="prototype">
	    <constructor-arg ref="AggrefierAccessor"/>
		<property name="developers">
			<list value-type="org.jhove2.core.Agent">
				<ref bean="CDLAgent"/>
				<ref bean="PorticoAgent"/>
				<ref bean="StanfordAgent"/>
			</list>
		</property>
		<property name="recognizers">
			<list value-type="org.jhove2.module.aggrefy.Recognizer">
				<ref bean="testStrictShapeFileRecognizer"/>
			</list>
		</property>
	</bean>
	      
			
	<!-- Strict Shapefile recognizer bean 
	     Must have all 3 required files; does NOT accept files with unrecognized extensions -->
	<bean id="testStrictShapeFileRecognizer" class="org.jhove2.module.aggrefy.GlobPathRecognizer"
	 scope="prototype">
	 	<constructor-arg ref="RecognizerAccessor"/>
	 	<property name="developers">
			<list value-type="org.jhove2.core.Agent">
				<ref bean="CDLAgent"/>
				<ref bean="PorticoAgent"/>
				<ref bean="StanfordAgent"/>
			</list>
		</property>
	 	<property name="formatIdentifier" ref="ShapefileIdentifier"/>
	 	<property name="fileGroupingExpr" value="(.*?)\.((?i:shp\.)?\w{3})$"/>
	 	<property name="mustHaveExpr" value="^((?i:shp)|(?i:shx)|(?i:dbf))$"/>
	 	<property name="mayHaveExpr" 
	 	          value="^((?i:shp.xml)|(?i:prj)|(?i:sbn)|(?i:sbx)|(?i:atx)|(?i:qix)|(?i:fix)|(?i:grx))$"/>
	 	<property name="fileGroupingCaptureGroupIndex" value="1" />
	 	<property name="mustHaveCaptureGroupIndex" value="2"/>
	 	<property name="mayHaveCaptureGroupIndex" value="2"/>
	 	<property name="minMustHavesToIdentify" value="3"/>
	  	<property name="includeUnmatchedFromGroup" value="false"/>
	</bean>
	
		<!-- Relaxed Shapefile recognizer bean
		    Only need 2 out of 3 required files; accepts u files with unrecognized extensions -->
	<bean id="relaxedShapeFileRecognizer" class="org.jhove2.module.aggrefy.GlobPathRecognizer"
	 scope="prototype">
	    <constructor-arg ref="RecognizerAccessor"/>
	 	<property name="developers">
			<list value-type="org.jhove2.core.Agent">
				<ref bean="CDLAgent"/>
				<ref bean="PorticoAgent"/>
				<ref bean="StanfordAgent"/>
			</list>
		</property>
	 	<property name="formatIdentifier" ref="ShapefileIdentifier"/>
	 	<property name="fileGroupingExpr" value="(.*?)\.((?i:shp\.)?\w{3})$"/>
	 	<property name="mustHaveExpr" value="^((?i:shp)|(?i:shx)|(?i:dbf))$"/>
	 	<property name="mayHaveExpr" 
	 	          value="^((?i:shp.xml)|(?i:prj)|(?i:sbn)|(?i:sbx)|(?i:atx)|(?i:qix)|(?i:fix)|(?i:grx))$"/>
	 	<property name="fileGroupingCaptureGroupIndex" value="1" />
	 	<property name="mustHaveCaptureGroupIndex" value="2"/>
	 	<property name="mayHaveCaptureGroupIndex" value="2"/>
	 	<property name="minMustHavesToIdentify" value="2"/>
	  	<property name="includeUnmatchedFromGroup" value="true"/>
	</bean>


		<!-- Quicken recognizer bean 
	     Must have all 3 required files; does NOT accept files with unrecognized extensions -->
	<bean id="quickenFileRecognizer" class="org.jhove2.module.aggrefy.GlobPathRecognizer"
	 scope="prototype">
	    <constructor-arg ref="RecognizerAccessor"/>
	 	<property name="developers">
			<list value-type="org.jhove2.core.Agent">
				<ref bean="CDLAgent"/>
				<ref bean="PorticoAgent"/>
				<ref bean="StanfordAgent"/>
			</list>
		</property>
	 	<property name="formatIdentifier" ref="QuickenIdentifier"/>
	 	<property name="fileGroupingExpr" value="(.*[\\/]\w+)\.(\w{3})"/>
	 	<property name="mustHaveExpr" value="^((?i:idx)|(?i:qel)|(?i:qph)|(?i:qdf)|(?i:ptx))$"/>
	 	<property name="fileGroupingCaptureGroupIndex" value="1" />
	 	<property name="mustHaveCaptureGroupIndex" value="2"/>
	 	<property name="minMustHavesToIdentify" value="5"/>
	  	<property name="includeUnmatchedFromGroup" value="false"/>
	</bean>
		
	<!-- Zip format bean -->
	<bean id="ZipFormat" class="org.jhove2.core.format.Format" scope="singleton">
		<constructor-arg type="java.lang.String" value="Zip"/>
		<constructor-arg ref="ZipIdentifier"/>
		<constructor-arg type="org.jhove2.core.format.Format$Type" value="Family"/>
		<constructor-arg type="org.jhove2.core.format.Format$Ambiguity" value="Unambiguous"/>
		<property name="aliasIdentifiers">
			<set value-type="org.jhove2.core.I8R">
				<ref bean="PUIDxfmt263"/>
			</set>
		</property>
	</bean>
	<!-- Zip identifier bean -->
	<bean id="ZipIdentifier" class="org.jhove2.core.I8R" scope="singleton">
		<constructor-arg type="java.lang.String" value="http://jhove2.org/terms/format/zip"/>
	</bean>
	<!-- PUID x-fmt/263 aliasIdentifier bean -->
	<bean id="PUIDxfmt263" class="org.jhove2.core.I8R" scope="singleton">
		<constructor-arg type="java.lang.String" value="x-fmt/263"/>
		<constructor-arg type="org.jhove2.core.I8R$Namespace" value="PUID"/>
	</bean>
	
	  <bean id="MicrosoftWordforMacintoshDocumentFormat" class="org.jhove2.core.format.Format"
        scope="singleton">
		<constructor-arg type="java.lang.String" value="Microsoft Word for Macintosh Document"/>
		<constructor-arg ref="MicrosoftWordforMacintoshDocumentIdentifier"/>
    <constructor-arg type="org.jhove2.core.format.Format$Type"
                     value="Format"/>
    <constructor-arg type="org.jhove2.core.format.Format$Ambiguity"
                     value="Unambiguous"/>
		<property name="aliasIdentifiers">
			<set value-type="org.jhove2.core.I8R">
				<ref bean="MicrosoftWordforMacintoshDocumentIdentifier"/>
<!-- 				<ref bean="MicrosoftWordforMacintoshDocumentPUID1"/> -->
<!-- 				<ref bean="MicrosoftWordforMacintoshDocumentPUID2"/> -->
<!-- 				<ref bean="MicrosoftWordforMacintoshDocumentPUID3"/> -->
<!-- 				<ref bean="MicrosoftWordforMacintoshDocumentPUID4"/> -->
<!-- 				<ref bean="MicrosoftWordforMacintoshDocumentPUID5"/> -->
<!-- 				<ref bean="MicrosoftWordforMacintoshDocumentPUID6"/> -->
<!-- 				<ref bean="MicrosoftWordforMacintoshDocumentPUID7"/> -->
<!-- 				<ref bean="MicrosoftWordforMacintoshDocumentPUID8"/> -->
<!-- 				<ref bean="MicrosoftWordforMacintoshDocumentPUID9"/> -->
<!-- 				<ref bean="MicrosoftWordforMacintoshDocumentPUID10"/> -->
<!-- 				<ref bean="MicrosoftWordforMacintoshDocumentPUID11"/> -->
<!-- 				<ref bean="MicrosoftWordforMacintoshDocumentPUID12"/> -->
				<ref bean="MicrosoftWordforMacintoshDocumentPUID13"/>
			</set>
		</property>
	</bean>
	
		<!-- MicrosoftWordforMacintoshDocument JHOVE2 identifier bean -->
	<bean id="MicrosoftWordforMacintoshDocumentIdentifier" class="org.jhove2.core.I8R" scope="singleton">
    <constructor-arg type="java.lang.String"
                     value="http://jhove2.org/terms/format/word"/>
	</bean>
	
		<!-- MicrosoftWordforMacintoshDocument PUID identifier bean -->
	<bean id="MicrosoftWordforMacintoshDocumentPUID13" class="org.jhove2.core.I8R" scope="singleton">
    <constructor-arg type="java.lang.String"
                     value="fmt/40"/>
    <constructor-arg type="org.jhove2.core.I8R$Namespace"
                     value="PUID"/>
  </bean>
</beans>
